<?xml version="1.0" encoding="UTF-8"?>
<!-- Generated by org.testng.reporters.JUnitReportReporter -->
<testsuite hostname="Poojas-MacbookAir.local" failures="0" tests="1" name="parallel_practise.facebook_parallel" time="11.429" errors="0" timestamp="2023-09-02T00:04:45 IST" skipped="0">
  <testcase classname="parallel_practise.facebook_parallel" name="fb" time="11.429"/>
  <system-out/>
</testsuite> <!-- parallel_practise.facebook_parallel -->
