<?xml version="1.0" encoding="UTF-8"?>
<!-- Generated by org.testng.reporters.JUnitReportReporter -->
<testsuite hostname="Poojas-MacbookAir.local" failures="0" tests="3" name="testNG_practise.dataprovider" time="40.773" errors="0" timestamp="2023-09-06T13:50:03 IST" skipped="0">
  <testcase classname="testNG_practise.dataprovider" name="demo" time="12.394"/>
  <system-out/>
  <testcase classname="testNG_practise.dataprovider" name="demo" time="15.911"/>
  <system-out/>
  <testcase classname="testNG_practise.dataprovider" name="demo" time="12.468"/>
  <system-out/>
</testsuite> <!-- testNG_practise.dataprovider -->
