<?xml version="1.0" encoding="UTF-8"?>
<!-- Generated by org.testng.reporters.JUnitReportReporter -->
<testsuite hostname="Poojas-MacbookAir.local" failures="0" tests="1" name="parallel.groups_practise_class2" time="0.003" errors="0" timestamp="2023-09-01T11:04:05 IST" skipped="0">
  <testcase classname="parallel.groups_practise_class2" name="sample1" time="0.003"/>
  <system-out/>
</testsuite> <!-- parallel.groups_practise_class2 -->
