<?xml version="1.0" encoding="UTF-8"?>
<!-- Generated by org.testng.reporters.JUnitReportReporter -->
<testsuite hostname="Poojas-MacbookAir.local" failures="0" tests="1" name="testNG_practise.failedtestngrerunapp1" time="16.795" errors="0" timestamp="2023-09-02T10:57:54 IST" skipped="0">
  <testcase classname="testNG_practise.failedtestngrerunapp1" name="assertions" time="16.795"/>
  <system-out/>
</testsuite> <!-- testNG_practise.failedtestngrerunapp1 -->
