<?xml version="1.0" encoding="UTF-8"?>
<!-- Generated by org.testng.reporters.JUnitReportReporter -->
<testsuite hostname="Poojas-MacbookAir.local" failures="0" tests="1" name="parallel_practise.amazon_parallel" time="149.636" errors="0" timestamp="2023-09-01T19:49:23 IST" skipped="0">
  <testcase classname="parallel_practise.amazon_parallel" name="fb" time="149.636"/>
  <system-out/>
</testsuite> <!-- parallel_practise.amazon_parallel -->
