<?xml version="1.0" encoding="UTF-8"?>
<!-- Generated by org.testng.reporters.JUnitReportReporter -->
<testsuite hostname="Poojas-MacbookAir.local" failures="0" tests="1" name="groupsconcept.groups_practice_class1" time="0.011" errors="0" timestamp="2023-09-01T11:07:09 IST" skipped="0">
  <testcase classname="groupsconcept.groups_practice_class1" name="demo1" time="0.011"/>
  <system-out/>
</testsuite> <!-- groupsconcept.groups_practice_class1 -->
