<?xml version="1.0" encoding="UTF-8"?>
<!-- Generated by org.testng.reporters.JUnitReportReporter -->
<testsuite hostname="Poojas-MacbookAir.local" failures="0" tests="2" name="testng_annotation.annotations" time="23.647" errors="0" timestamp="2023-09-06T13:48:59 IST" skipped="0">
  <testcase classname="testng_annotation.annotations" name="amazon" time="10.598"/>
  <system-out/>
  <testcase classname="testng_annotation.annotations" name="fb" time="13.049"/>
  <system-out/>
</testsuite> <!-- testng_annotation.annotations -->
