<?xml version="1.0" encoding="UTF-8"?>
<!-- Generated by org.testng.reporters.JUnitReportReporter -->
<testsuite hostname="Poojas-MacbookAir.local" failures="0" tests="4" name="testNG_practise.Priority" time="0.019" errors="0" timestamp="2023-08-31T20:55:46 IST" skipped="1">
  <testcase classname="testNG_practise.Priority" name="demo" time="0.014"/>
  <system-out/>
  <testcase classname="testNG_practise.Priority" name="demo" time="0.003"/>
  <system-out/>
  <testcase classname="testNG_practise.Priority" name="demo1" time="0.002"/>
  <system-out/>
  <testcase classname="testNG_practise.Priority" name="demo2">
    <skipped/>
  </testcase> <!-- demo2 -->
  <system-out/>
</testsuite> <!-- testNG_practise.Priority -->
