<?xml version="1.0" encoding="UTF-8"?>
<!-- Generated by org.testng.reporters.JUnitReportReporter -->
<testsuite hostname="Poojas-MacbookAir.local" failures="0" tests="1" name="testNG_practise.failedtestngrerunapp2" time="12.226" errors="0" timestamp="2023-09-02T10:59:05 IST" skipped="0">
  <testcase classname="testNG_practise.failedtestngrerunapp2" name="assertions" time="12.226"/>
  <system-out/>
</testsuite> <!-- testNG_practise.failedtestngrerunapp2 -->
