<?xml version="1.0" encoding="UTF-8"?>
<!-- Generated by org.testng.reporters.JUnitReportReporter -->
<testsuite hostname="Poojas-MacbookAir.local" failures="0" tests="1" name="testNG_practise.assertion" time="77.900" errors="0" timestamp="2023-09-02T10:34:22 IST" skipped="0">
  <testcase classname="testNG_practise.assertion" name="assertions" time="77.900"/>
  <system-out/>
</testsuite> <!-- testNG_practise.assertion -->
